{
  "RSpec": {
    "coverage": {
      "/Users/Sara/rails_projects/temp/app/controllers/application_controller.rb": [
        1,
        1,
        null
      ],
      "/Users/Sara/rails_projects/temp/app/helpers/application_helper.rb": [
        1,
        1,
        14,
        14,
        5,
        null,
        9,
        null,
        null,
        null,
        null
      ],
      "/Users/Sara/rails_projects/temp/app/helpers/blogs_helper.rb": [
        1,
        null
      ],
      "/Users/Sara/rails_projects/temp/app/helpers/users_helper.rb": [
        1,
        null
      ],
      "/Users/Sara/rails_projects/temp/app/controllers/blogs_controller.rb": [
        1,
        1,
        null,
        null,
        1,
        null,
        null
      ],
      "/Users/Sara/rails_projects/temp/app/controllers/users_controller.rb": [
        1,
        1,
        null,
        null
      ]
    },
    "timestamp": 1437943656
  }
}
